<?xml version="1.0" encoding="UTF-8"?>
<!-- Generated by org.testng.reporters.JUnitReportReporter -->
<testsuite skipped="0" hostname="Tagtual" name="Appium_Test.Appiumtest.Login" tests="4" failures="0" timestamp="15 Jul 2019 06:20:51 GMT" time="170.031" errors="0">
  <testcase name="testCal_wrongUser_rightPass" time="41.022" classname="Appium_Test.Appiumtest.Login"/>
  <testcase name="Login_incorrecCredentials" time="40.480" classname="Appium_Test.Appiumtest.Login"/>
  <testcase name="loginWithValidCredentials" time="42.756" classname="Appium_Test.Appiumtest.Login"/>
  <testcase name="loginWithValodEmail_InvalidPass" time="45.773" classname="Appium_Test.Appiumtest.Login"/>
</testsuite> <!-- Appium_Test.Appiumtest.Login -->
