<?xml version="1.0" encoding="UTF-8"?>
<!-- Generated by org.testng.reporters.JUnitReportReporter -->
<testsuite skipped="0" hostname="Tagtual" name="Appium_Test.Appiumtest.Prog2" tests="1" failures="0" timestamp="10 May 2019 10:24:28 GMT" time="20.190" errors="0">
  <testcase name="testCal" time="20.190" classname="Appium_Test.Appiumtest.Prog2"/>
</testsuite> <!-- Appium_Test.Appiumtest.Prog2 -->
