<?xml version="1.0" encoding="UTF-8"?>
<!-- Generated by org.testng.reporters.JUnitReportReporter -->
<testsuite skipped="0" hostname="Tagtual" name="Appium_Test.Appiumtest.DemoUiTest" tests="1" failures="0" timestamp="10 Jul 2019 08:36:36 GMT" time="51.075" errors="0">
  <testcase name="Issue_raised" time="51.075" classname="Appium_Test.Appiumtest.DemoUiTest"/>
</testsuite> <!-- Appium_Test.Appiumtest.DemoUiTest -->
